{"C:\\Users\\Administrator\\Desktop\\ieJudgement\\src\\main.ts": {"path":"C:\\Users\\Administrator\\Desktop\\ieJudgement\\src\\main.ts","statementMap":{"0":{"start":{"line":6,"column":0},"end":{"line":6,"column":null}},"1":{"start":{"line":11,"column":21},"end":{"line":11,"column":null}},"2":{"start":{"line":7,"column":9},"end":{"line":7,"column":36}},"3":{"start":{"line":8,"column":10},"end":{"line":8,"column":50}},"4":{"start":{"line":9,"column":10},"end":{"line":9,"column":25}},"5":{"start":{"line":10,"column":10},"end":{"line":10,"column":26}},"6":{"start":{"line":12,"column":4},"end":{"line":12,"column":25}},"7":{"start":{"line":17,"column":9},"end":{"line":19,"column":null}},"8":{"start":{"line":18,"column":4},"end":{"line":18,"column":65}},"9":{"start":{"line":24,"column":9},"end":{"line":44,"column":null}},"10":{"start":{"line":25,"column":4},"end":{"line":25,"column":32}},"11":{"start":{"line":27,"column":4},"end":{"line":27,"column":22}},"12":{"start":{"line":28,"column":4},"end":{"line":30,"column":null}},"13":{"start":{"line":29,"column":6},"end":{"line":29,"column":59}},"14":{"start":{"line":32,"column":4},"end":{"line":32,"column":22}},"15":{"start":{"line":33,"column":4},"end":{"line":36,"column":null}},"16":{"start":{"line":35,"column":6},"end":{"line":35,"column":59}},"17":{"start":{"line":37,"column":4},"end":{"line":42,"column":null}},"18":{"start":{"line":37,"column":17},"end":{"line":37,"column":22}},"19":{"start":{"line":38,"column":21},"end":{"line":38,"column":58}},"20":{"start":{"line":39,"column":6},"end":{"line":41,"column":null}},"21":{"start":{"line":40,"column":8},"end":{"line":40,"column":20}},"22":{"start":{"line":43,"column":4},"end":{"line":43,"column":17}},"23":{"start":{"line":45,"column":9},"end":{"line":47,"column":null}},"24":{"start":{"line":46,"column":4},"end":{"line":46,"column":47}},"25":{"start":{"line":51,"column":9},"end":{"line":61,"column":null}},"26":{"start":{"line":52,"column":4},"end":{"line":52,"column":49}},"27":{"start":{"line":52,"column":37},"end":{"line":52,"column":49}},"28":{"start":{"line":53,"column":25},"end":{"line":53,"column":70}},"29":{"start":{"line":54,"column":4},"end":{"line":59,"column":null}},"30":{"start":{"line":54,"column":24},"end":{"line":54,"column":28}},"31":{"start":{"line":54,"column":24},"end":{"line":54,"column":35}},"32":{"start":{"line":54,"column":20},"end":{"line":54,"column":24}},"33":{"start":{"line":55,"column":16},"end":{"line":55,"column":36}},"34":{"start":{"line":56,"column":6},"end":{"line":58,"column":null}},"35":{"start":{"line":57,"column":8},"end":{"line":57,"column":20}},"36":{"start":{"line":60,"column":4},"end":{"line":60,"column":17}},"37":{"start":{"line":62,"column":10},"end":{"line":66,"column":null}},"38":{"start":{"line":63,"column":16},"end":{"line":63,"column":26}},"39":{"start":{"line":64,"column":17},"end":{"line":64,"column":41}},"40":{"start":{"line":65,"column":4},"end":{"line":65,"column":45}},"41":{"start":{"line":67,"column":10},"end":{"line":71,"column":null}},"42":{"start":{"line":68,"column":14},"end":{"line":68,"column":28}},"43":{"start":{"line":69,"column":15},"end":{"line":69,"column":39}},"44":{"start":{"line":70,"column":4},"end":{"line":70,"column":50}},"45":{"start":{"line":73,"column":10},"end":{"line":83,"column":null}},"46":{"start":{"line":74,"column":4},"end":{"line":82,"column":null}},"47":{"start":{"line":79,"column":6},"end":{"line":81,"column":8}},"48":{"start":{"line":84,"column":0},"end":{"line":84,"column":null}},"49":{"start":{"line":85,"column":11},"end":{"line":85,"column":19}},"50":{"start":{"line":86,"column":0},"end":{"line":86,"column":18}}},"fnMap":{"0":{"name":"(anonymous_0)","decl":{"start":{"line":6,"column":0},"end":{"line":6,"column":null}},"loc":{"start":{"line":6,"column":0},"end":{"line":84,"column":null}}},"1":{"name":"Ie","decl":{"start":{"line":11,"column":2},"end":{"line":11,"column":21}},"loc":{"start":{"line":11,"column":67},"end":{"line":13,"column":3}}},"2":{"name":"(anonymous_2)","decl":{"start":{"line":17,"column":2},"end":{"line":17,"column":9}},"loc":{"start":{"line":17,"column":2},"end":{"line":19,"column":3}}},"3":{"name":"(anonymous_3)","decl":{"start":{"line":24,"column":2},"end":{"line":24,"column":9}},"loc":{"start":{"line":24,"column":41},"end":{"line":44,"column":3}}},"4":{"name":"(anonymous_4)","decl":{"start":{"line":45,"column":2},"end":{"line":45,"column":9}},"loc":{"start":{"line":45,"column":2},"end":{"line":47,"column":3}}},"5":{"name":"(anonymous_5)","decl":{"start":{"line":51,"column":2},"end":{"line":51,"column":9}},"loc":{"start":{"line":51,"column":31},"end":{"line":61,"column":3}}},"6":{"name":"(anonymous_6)","decl":{"start":{"line":62,"column":2},"end":{"line":62,"column":10}},"loc":{"start":{"line":62,"column":2},"end":{"line":66,"column":3}}},"7":{"name":"(anonymous_7)","decl":{"start":{"line":67,"column":2},"end":{"line":67,"column":10}},"loc":{"start":{"line":67,"column":31},"end":{"line":71,"column":3}}},"8":{"name":"(anonymous_8)","decl":{"start":{"line":73,"column":2},"end":{"line":73,"column":10}},"loc":{"start":{"line":73,"column":31},"end":{"line":83,"column":3}}}},"branchMap":{"0":{"loc":{"start":{"line":11,"column":21},"end":{"line":11,"column":null}},"type":"if","locations":[{"start":{"line":11,"column":21},"end":{"line":11,"column":null}},{"start":{"line":11,"column":21},"end":{"line":11,"column":null}}]},"1":{"loc":{"start":{"line":18,"column":14},"end":{"line":18,"column":34}},"type":"binary-expr","locations":[{"start":{"line":18,"column":14},"end":{"line":18,"column":34}},{"start":{"line":18,"column":38},"end":{"line":18,"column":63}}]},"2":{"loc":{"start":{"line":28,"column":4},"end":{"line":30,"column":null}},"type":"if","locations":[{"start":{"line":28,"column":4},"end":{"line":30,"column":null}},{"start":{"line":28,"column":4},"end":{"line":30,"column":null}}]},"3":{"loc":{"start":{"line":29,"column":27},"end":{"line":29,"column":38}},"type":"cond-expr","locations":[{"start":{"line":29,"column":27},"end":{"line":29,"column":38}},{"start":{"line":29,"column":41},"end":{"line":29,"column":58}}]},"4":{"loc":{"start":{"line":33,"column":4},"end":{"line":36,"column":null}},"type":"if","locations":[{"start":{"line":33,"column":4},"end":{"line":36,"column":null}},{"start":{"line":33,"column":4},"end":{"line":36,"column":null}}]},"5":{"loc":{"start":{"line":38,"column":31},"end":{"line":38,"column":42}},"type":"cond-expr","locations":[{"start":{"line":38,"column":31},"end":{"line":38,"column":42}},{"start":{"line":38,"column":45},"end":{"line":38,"column":58}}]},"6":{"loc":{"start":{"line":39,"column":6},"end":{"line":41,"column":null}},"type":"if","locations":[{"start":{"line":39,"column":6},"end":{"line":41,"column":null}},{"start":{"line":39,"column":6},"end":{"line":41,"column":null}}]},"7":{"loc":{"start":{"line":52,"column":4},"end":{"line":52,"column":49}},"type":"if","locations":[{"start":{"line":52,"column":4},"end":{"line":52,"column":49}},{"start":{"line":52,"column":4},"end":{"line":52,"column":49}}]},"8":{"loc":{"start":{"line":56,"column":6},"end":{"line":58,"column":null}},"type":"if","locations":[{"start":{"line":56,"column":6},"end":{"line":58,"column":null}},{"start":{"line":56,"column":6},"end":{"line":58,"column":null}}]},"9":{"loc":{"start":{"line":65,"column":14},"end":{"line":65,"column":18}},"type":"binary-expr","locations":[{"start":{"line":65,"column":14},"end":{"line":65,"column":18}},{"start":{"line":65,"column":22},"end":{"line":65,"column":43}}]},"10":{"loc":{"start":{"line":70,"column":14},"end":{"line":70,"column":18}},"type":"binary-expr","locations":[{"start":{"line":70,"column":14},"end":{"line":70,"column":18}},{"start":{"line":70,"column":22},"end":{"line":70,"column":48}}]},"11":{"loc":{"start":{"line":74,"column":4},"end":{"line":82,"column":null}},"type":"if","locations":[{"start":{"line":74,"column":4},"end":{"line":82,"column":null}},{"start":{"line":74,"column":4},"end":{"line":82,"column":null}}]},"12":{"loc":{"start":{"line":75,"column":6},"end":{"line":75,"column":20}},"type":"binary-expr","locations":[{"start":{"line":75,"column":6},"end":{"line":75,"column":20}},{"start":{"line":76,"column":6},"end":{"line":76,"column":31}},{"start":{"line":77,"column":6},"end":{"line":77,"column":31}}]}},"s":{"0":1,"1":2,"2":1,"3":1,"4":1,"5":1,"6":1,"7":1,"8":1,"9":1,"10":7,"11":7,"12":3,"13":1,"14":2,"15":1,"16":0,"17":1,"18":1,"19":6,"20":6,"21":0,"22":1,"23":1,"24":1,"25":1,"26":3,"27":2,"28":1,"29":1,"30":1,"31":1,"32":5,"33":5,"34":5,"35":0,"36":1,"37":1,"38":2,"39":2,"40":2,"41":1,"42":5,"43":5,"44":5,"45":1,"46":9,"47":5,"48":1,"49":1,"50":1},"f":{"0":1,"1":1,"2":1,"3":7,"4":1,"5":3,"6":2,"7":5,"8":9},"b":{"0":[1,0],"1":[1,1],"2":[1,2],"3":[1,0],"4":[0,1],"5":[1,5],"6":[0,6],"7":[2,1],"8":[0,5],"9":[2,0],"10":[5,0],"11":[5,4],"12":[9,8,6]}}
}
