TN:
SF:C:\Users\Administrator\Desktop\ieJudgement\src\main.ts
FN:6,(anonymous_0)
FN:11,Ie
FN:17,(anonymous_2)
FN:24,(anonymous_3)
FN:45,(anonymous_4)
FN:51,(anonymous_5)
FN:62,(anonymous_6)
FN:67,(anonymous_7)
FN:73,(anonymous_8)
FNF:9
FNH:9
FNDA:1,(anonymous_0)
FNDA:1,Ie
FNDA:1,(anonymous_2)
FNDA:7,(anonymous_3)
FNDA:1,(anonymous_4)
FNDA:3,(anonymous_5)
FNDA:2,(anonymous_6)
FNDA:5,(anonymous_7)
FNDA:9,(anonymous_8)
DA:6,1
DA:7,1
DA:8,1
DA:9,1
DA:10,1
DA:11,2
DA:12,1
DA:17,1
DA:18,1
DA:24,1
DA:25,7
DA:27,7
DA:28,3
DA:29,1
DA:32,2
DA:33,1
DA:35,0
DA:37,1
DA:38,6
DA:39,6
DA:40,0
DA:43,1
DA:45,1
DA:46,1
DA:51,1
DA:52,3
DA:53,1
DA:54,5
DA:55,5
DA:56,5
DA:57,0
DA:60,1
DA:62,1
DA:63,2
DA:64,2
DA:65,2
DA:67,1
DA:68,5
DA:69,5
DA:70,5
DA:73,1
DA:74,9
DA:79,5
DA:84,1
DA:85,1
DA:86,1
LF:46
LH:43
BRDA:11,0,0,1
BRDA:11,0,1,0
BRDA:18,1,0,1
BRDA:18,1,1,1
BRDA:28,2,0,1
BRDA:28,2,1,2
BRDA:29,3,0,1
BRDA:29,3,1,0
BRDA:33,4,0,0
BRDA:33,4,1,1
BRDA:38,5,0,1
BRDA:38,5,1,5
BRDA:39,6,0,0
BRDA:39,6,1,6
BRDA:52,7,0,2
BRDA:52,7,1,1
BRDA:56,8,0,0
BRDA:56,8,1,5
BRDA:65,9,0,2
BRDA:65,9,1,0
BRDA:70,10,0,5
BRDA:70,10,1,0
BRDA:74,11,0,5
BRDA:74,11,1,4
BRDA:75,12,0,9
BRDA:75,12,1,8
BRDA:75,12,2,6
BRF:27
BRH:20
end_of_record
